<?xml version="1.0" encoding="UTF-8"?>
<!-- Generated by org.testng.reporters.JUnitReportReporter -->
<testsuite hostname="ACER" failures="0" tests="1" name="testCases.TC_001_AccountRegistrationTest" time="1.237" errors="0" timestamp="2023-10-05T17:00:48 IST" skipped="0">
  <testcase classname="testCases.TC_001_AccountRegistrationTest" name="test_account_Registration" time="1.237"/>
</testsuite> <!-- testCases.TC_001_AccountRegistrationTest -->
