<?xml version="1.0" encoding="UTF-8"?>
<!-- Generated by org.testng.reporters.JUnitReportReporter -->
<testsuite hostname="ACER" failures="0" tests="1" name="testCases.TC_001_AccountRegistrationTest" time="1.777" errors="0" timestamp="2023-12-13T11:19:19 IST" skipped="0">
  <testcase classname="testCases.TC_001_AccountRegistrationTest" name="test_account_Registration" time="1.777"/>
</testsuite> <!-- testCases.TC_001_AccountRegistrationTest -->
