<?xml version="1.0" encoding="UTF-8"?>
<!-- Generated by org.testng.reporters.JUnitReportReporter -->
<testsuite hostname="ACER" failures="0" tests="1" name="testCases.TC_002_LoginTest" time="2.140" errors="0" timestamp="2023-12-13T11:19:19 IST" skipped="0">
  <testcase classname="testCases.TC_002_LoginTest" name="test_login" time="2.140"/>
</testsuite> <!-- testCases.TC_002_LoginTest -->
