<?xml version="1.0" encoding="UTF-8"?>
<!-- Generated by org.testng.reporters.JUnitReportReporter -->
<testsuite hostname="ACER" failures="0" tests="1" name="testCases.TC_002_LoginTest" time="0.963" errors="0" timestamp="2023-10-05T17:13:22 IST" skipped="0">
  <testcase classname="testCases.TC_002_LoginTest" name="test_login" time="0.963"/>
</testsuite> <!-- testCases.TC_002_LoginTest -->
