<?xml version="1.0" encoding="UTF-8"?>
<!-- Generated by org.testng.reporters.JUnitReportReporter -->
<testsuite hostname="PAVAN09FA" failures="0" tests="1" name="testCases.TC_002_LoginTest" time="2.064" errors="0" timestamp="2022-11-17T07:58:50 IST" skipped="0">
  <testcase classname="testCases.TC_002_LoginTest" name="test_login" time="2.064"/>
  <system-out/>
</testsuite> <!-- testCases.TC_002_LoginTest -->
